
> frontend@0.1.0 start
> react-scripts start

(node:4120) [DEP0176] DeprecationWarning: fs.F_OK is deprecated, use fs.constants.F_OK instead
(Use `node --trace-deprecation ...` to show where the warning was created)
(node:4120) [DEP_WEBPACK_DEV_SERVER_ON_AFTER_SETUP_MIDDLEWARE] DeprecationWarning: 'onAfterSetupMiddleware' option is deprecated. Please use the 'setupMiddlewares' option.
(node:4120) [DEP_WEBPACK_DEV_SERVER_ON_BEFORE_SETUP_MIDDLEWARE] DeprecationWarning: 'onBeforeSetupMiddleware' option is deprecated. Please use the 'setupMiddlewares' option.
Starting the development server...

Failed to compile.

[eslint] 
src\components\pages\ChatPage.js
  Line 38:3:  React Hook "useEffect" is called conditionally. React Hooks must be called in the exact same order in every component render  react-hooks/rules-of-hooks
  Line 69:3:  React Hook "useEffect" is called conditionally. React Hooks must be called in the exact same order in every component render  react-hooks/rules-of-hooks

Search for the keywords to learn more about each error.
[1m[33mWARNING[39m[22m in [1m[eslint] 
src\components\pages\ReportsPage.js
  Line 7:24:  'setReportsGiven' is assigned a value but never used     no-unused-vars
  Line 8:27:  'setReportsReceived' is assigned a value but never used  no-unused-vars
  Line 9:19:  'setLoading' is assigned a value but never used          no-unused-vars

src\components\pages\SearchPage.js
  Line 2:43:  'Popup' is defined but never used  no-unused-vars

[39m[22m

[1m[31mERROR[39m[22m in [1m[eslint] 
src\components\pages\ChatPage.js
  Line 38:3:  React Hook "useEffect" is called conditionally. React Hooks [1m[33mmust[39m[22m[1m be called in the exact same order in every component render  react-hooks/rules-of-hooks
  Line 69:3:  React Hook "useEffect" is called conditionally. React Hooks [1m[33mmust[39m[22m[1m be called in the exact same order in every component render  react-hooks/rules-of-hooks

Search for the keywords to learn more about each [1m[31merror[39m[22m[1m.[39m[22m

webpack compiled with [1m[31m1 error[39m[22m and [1m[33m1 warning[39m[22m
^C
