
> frontend@0.1.0 start
> react-scripts start

(node:21684) [DEP0176] DeprecationWarning: fs.F_OK is deprecated, use fs.constants.F_OK instead
(Use `node --trace-deprecation ...` to show where the warning was created)
(node:21684) [DEP_WEBPACK_DEV_SERVER_ON_AFTER_SETUP_MIDDLEWARE] DeprecationWarning: 'onAfterSetupMiddleware' option is deprecated. Please use the 'setupMiddlewares' option.
(node:21684) [DEP_WEBPACK_DEV_SERVER_ON_BEFORE_SETUP_MIDDLEWARE] DeprecationWarning: 'onBeforeSetupMiddleware' option is deprecated. Please use the 'setupMiddlewares' option.
Starting the development server...

Compiled successfully!

You can now view frontend in the browser.

  Local:            http://localhost:3000
  On Your Network:  http://172.22.16.1:3000

Note that the development build is not optimized.
To create a production build, use npm run build.

webpack compiled [1m[32msuccessfully[39m[22m
Compiling...
Failed to compile.

[eslint] 
src\components\Authentication.js
Syntax error: Missing semicolon. (7:12) (7:12)
[1m[31mERROR[39m[22m in [1m./src/components/Authentication.js[39m[22m
Module build failed (from ./node_modules/babel-loader/lib/index.js):
SyntaxError: D:\ridemate\frontend\src\components\Authentication.js: Missing semicolon. (7:12)

[0m [90m  5 |[39m   [36mconst[39m [authMode[33m,[39m setAuthMode] [33m=[39m useState([32m'userLogin'[39m)[33m;[39m [90m// userLogin, userSignup, adminLogin[39m
 [90m  6 |[39m     name[33m:[39m [32m''[39m[33m,[39m
[31m[1m>[22m[39m[90m  7 |[39m     username[33m:[39m [32m''[39m[33m,[39m
 [90m    |[39m             [31m[1m^[22m[39m
 [90m  8 |[39m     collegeId[33m:[39m [32m''[39m[33m,[39m
 [90m  9 |[39m     email[33m:[39m [32m''[39m[33m,[39m
 [90m 10 |[39m     phone[33m:[39m [32m''[39m[33m,[39m[0m
    at constructor (D:\ridemate\frontend\node_modules\@babel\parser\lib\index.js:365:19)
    at FlowParserMixin.raise (D:\ridemate\frontend\node_modules\@babel\parser\lib\index.js:6599:19)
    at FlowParserMixin.semicolon (D:\ridemate\frontend\node_modules\@babel\parser\lib\index.js:6895:10)
    at FlowParserMixin.parseExpressionStatement (D:\ridemate\frontend\node_modules\@babel\parser\lib\index.js:13285:10)
    at FlowParserMixin.parseExpressionStatement (D:\ridemate\frontend\node_modules\@babel\parser\lib\index.js:2940:18)
    at FlowParserMixin.parseStatementContent (D:\ridemate\frontend\node_modules\@babel\parser\lib\index.js:12899:19)
    at FlowParserMixin.parseStatementLike (D:\ridemate\frontend\node_modules\@babel\parser\lib\index.js:12767:17)
    at FlowParserMixin.parseStatementLike (D:\ridemate\frontend\node_modules\@babel\parser\lib\index.js:2918:24)
    at FlowParserMixin.parseStatement (D:\ridemate\frontend\node_modules\@babel\parser\lib\index.js:12760:17)
    at FlowParserMixin.parseLabeledStatement (D:\ridemate\frontend\node_modules\@babel\parser\lib\index.js:13278:95)
    at FlowParserMixin.parseStatementContent (D:\ridemate\frontend\node_modules\@babel\parser\lib\index.js:12897:19)
    at FlowParserMixin.parseStatementLike (D:\ridemate\frontend\node_modules\@babel\parser\lib\index.js:12767:17)
    at FlowParserMixin.parseStatementLike (D:\ridemate\frontend\node_modules\@babel\parser\lib\index.js:2918:24)
    at FlowParserMixin.parseStatementListItem (D:\ridemate\frontend\node_modules\@babel\parser\lib\index.js:12747:17)
    at FlowParserMixin.parseBlockOrModuleBlockBody (D:\ridemate\frontend\node_modules\@babel\parser\lib\index.js:13316:61)
    at FlowParserMixin.parseBlockBody (D:\ridemate\frontend\node_modules\@babel\parser\lib\index.js:13309:10)
    at FlowParserMixin.parseBlock (D:\ridemate\frontend\node_modules\@babel\parser\lib\index.js:13297:10)
    at FlowParserMixin.parseFunctionBody (D:\ridemate\frontend\node_modules\@babel\parser\lib\index.js:12100:24)
    at FlowParserMixin.parseFunctionBody (D:\ridemate\frontend\node_modules\@babel\parser\lib\index.js:2895:11)
    at FlowParserMixin.parseFunctionBodyAndFinish (D:\ridemate\frontend\node_modules\@babel\parser\lib\index.js:12086:10)
    at FlowParserMixin.parseFunctionBodyAndFinish (D:\ridemate\frontend\node_modules\@babel\parser\lib\index.js:2903:18)
    at D:\ridemate\frontend\node_modules\@babel\parser\lib\index.js:13445:12
    at FlowParserMixin.withSmartMixTopicForbiddingContext (D:\ridemate\frontend\node_modules\@babel\parser\lib\index.js:12403:14)
    at FlowParserMixin.parseFunction (D:\ridemate\frontend\node_modules\@babel\parser\lib\index.js:13444:10)
    at FlowParserMixin.parseFunctionStatement (D:\ridemate\frontend\node_modules\@babel\parser\lib\index.js:13125:17)
    at FlowParserMixin.parseStatementContent (D:\ridemate\frontend\node_modules\@babel\parser\lib\index.js:12791:21)
    at FlowParserMixin.parseStatementLike (D:\ridemate\frontend\node_modules\@babel\parser\lib\index.js:12767:17)
    at FlowParserMixin.parseStatementLike (D:\ridemate\frontend\node_modules\@babel\parser\lib\index.js:2918:24)
    at FlowParserMixin.parseModuleItem (D:\ridemate\frontend\node_modules\@babel\parser\lib\index.js:12744:17)
    at FlowParserMixin.parseBlockOrModuleBlockBody (D:\ridemate\frontend\node_modules\@babel\parser\lib\index.js:13316:36)
    at FlowParserMixin.parseBlockBody (D:\ridemate\frontend\node_modules\@babel\parser\lib\index.js:13309:10)
    at FlowParserMixin.parseProgram (D:\ridemate\frontend\node_modules\@babel\parser\lib\index.js:12622:10)
    at FlowParserMixin.parseTopLevel (D:\ridemate\frontend\node_modules\@babel\parser\lib\index.js:12612:25)
    at FlowParserMixin.parseTopLevel (D:\ridemate\frontend\node_modules\@babel\parser\lib\index.js:3685:28)
    at FlowParserMixin.parse (D:\ridemate\frontend\node_modules\@babel\parser\lib\index.js:14488:25)
    at parse (D:\ridemate\frontend\node_modules\@babel\parser\lib\index.js:14522:38)
    at parser (D:\ridemate\frontend\node_modules\@babel\core\lib\parser\index.js:41:34)
    at parser.next (<anonymous>)
    at normalizeFile (D:\ridemate\frontend\node_modules\@babel\core\lib\transformation\normalize-file.js:64:37)
    at normalizeFile.next (<anonymous>)
    at run (D:\ridemate\frontend\node_modules\@babel\core\lib\transformation\index.js:22:50)
    at run.next (<anonymous>)
    at transform (D:\ridemate\frontend\node_modules\@babel\core\lib\transform.js:22:33)
    at transform.next (<anonymous>)
    at step (D:\ridemate\frontend\node_modules\gensync\index.js:261:32)
    at D:\ridemate\frontend\node_modules\gensync\index.js:273:13
    at async.call.result.err.err (D:\ridemate\frontend\node_modules\gensync\index.js:223:11)
    at D:\ridemate\frontend\node_modules\gensync\index.js:189:28
    at D:\ridemate\frontend\node_modules\@babel\core\lib\gensync-utils\async.js:67:7
    at D:\ridemate\frontend\node_modules\gensync\index.js:113:33

[1m[31mERROR[39m[22m in [1m[eslint] 
src\components\Authentication.js
  Line 7:12:  Parsing [1m[31merror[39m[22m[1m: Missing semicolon. (7:12)

[39m[22m

webpack compiled with [1m[31m2 errors[39m[22m
Compiling...
Failed to compile.

[eslint] 
src\components\Authentication.js
Syntax error: Missing semicolon. (7:12) (7:12)
[1m[31mERROR[39m[22m in [1m./src/components/Authentication.js[39m[22m
Module build failed (from ./node_modules/babel-loader/lib/index.js):
SyntaxError: D:\ridemate\frontend\src\components\Authentication.js: Missing semicolon. (7:12)

[0m [90m  5 |[39m   [36mconst[39m [authMode[33m,[39m setAuthMode] [33m=[39m useState([32m'userLogin'[39m)[33m;[39m [90m// userLogin, userSignup, adminLogin[39m
 [90m  6 |[39m     name[33m:[39m [32m''[39m[33m,[39m
[31m[1m>[22m[39m[90m  7 |[39m     username[33m:[39m [32m''[39m[33m,[39m
 [90m    |[39m             [31m[1m^[22m[39m
 [90m  8 |[39m     collegeId[33m:[39m [32m''[39m[33m,[39m
 [90m  9 |[39m     email[33m:[39m [32m''[39m[33m,[39m
 [90m 10 |[39m     phone[33m:[39m [32m''[39m[33m,[39m[0m
    at constructor (D:\ridemate\frontend\node_modules\@babel\parser\lib\index.js:365:19)
    at FlowParserMixin.raise (D:\ridemate\frontend\node_modules\@babel\parser\lib\index.js:6599:19)
    at FlowParserMixin.semicolon (D:\ridemate\frontend\node_modules\@babel\parser\lib\index.js:6895:10)
    at FlowParserMixin.parseExpressionStatement (D:\ridemate\frontend\node_modules\@babel\parser\lib\index.js:13285:10)
    at FlowParserMixin.parseExpressionStatement (D:\ridemate\frontend\node_modules\@babel\parser\lib\index.js:2940:18)
    at FlowParserMixin.parseStatementContent (D:\ridemate\frontend\node_modules\@babel\parser\lib\index.js:12899:19)
    at FlowParserMixin.parseStatementLike (D:\ridemate\frontend\node_modules\@babel\parser\lib\index.js:12767:17)
    at FlowParserMixin.parseStatementLike (D:\ridemate\frontend\node_modules\@babel\parser\lib\index.js:2918:24)
    at FlowParserMixin.parseStatement (D:\ridemate\frontend\node_modules\@babel\parser\lib\index.js:12760:17)
    at FlowParserMixin.parseLabeledStatement (D:\ridemate\frontend\node_modules\@babel\parser\lib\index.js:13278:95)
    at FlowParserMixin.parseStatementContent (D:\ridemate\frontend\node_modules\@babel\parser\lib\index.js:12897:19)
    at FlowParserMixin.parseStatementLike (D:\ridemate\frontend\node_modules\@babel\parser\lib\index.js:12767:17)
    at FlowParserMixin.parseStatementLike (D:\ridemate\frontend\node_modules\@babel\parser\lib\index.js:2918:24)
    at FlowParserMixin.parseStatementListItem (D:\ridemate\frontend\node_modules\@babel\parser\lib\index.js:12747:17)
    at FlowParserMixin.parseBlockOrModuleBlockBody (D:\ridemate\frontend\node_modules\@babel\parser\lib\index.js:13316:61)
    at FlowParserMixin.parseBlockBody (D:\ridemate\frontend\node_modules\@babel\parser\lib\index.js:13309:10)
    at FlowParserMixin.parseBlock (D:\ridemate\frontend\node_modules\@babel\parser\lib\index.js:13297:10)
    at FlowParserMixin.parseFunctionBody (D:\ridemate\frontend\node_modules\@babel\parser\lib\index.js:12100:24)
    at FlowParserMixin.parseFunctionBody (D:\ridemate\frontend\node_modules\@babel\parser\lib\index.js:2895:11)
    at FlowParserMixin.parseFunctionBodyAndFinish (D:\ridemate\frontend\node_modules\@babel\parser\lib\index.js:12086:10)
    at FlowParserMixin.parseFunctionBodyAndFinish (D:\ridemate\frontend\node_modules\@babel\parser\lib\index.js:2903:18)
    at D:\ridemate\frontend\node_modules\@babel\parser\lib\index.js:13445:12
    at FlowParserMixin.withSmartMixTopicForbiddingContext (D:\ridemate\frontend\node_modules\@babel\parser\lib\index.js:12403:14)
    at FlowParserMixin.parseFunction (D:\ridemate\frontend\node_modules\@babel\parser\lib\index.js:13444:10)
    at FlowParserMixin.parseFunctionStatement (D:\ridemate\frontend\node_modules\@babel\parser\lib\index.js:13125:17)
    at FlowParserMixin.parseStatementContent (D:\ridemate\frontend\node_modules\@babel\parser\lib\index.js:12791:21)
    at FlowParserMixin.parseStatementLike (D:\ridemate\frontend\node_modules\@babel\parser\lib\index.js:12767:17)
    at FlowParserMixin.parseStatementLike (D:\ridemate\frontend\node_modules\@babel\parser\lib\index.js:2918:24)
    at FlowParserMixin.parseModuleItem (D:\ridemate\frontend\node_modules\@babel\parser\lib\index.js:12744:17)
    at FlowParserMixin.parseBlockOrModuleBlockBody (D:\ridemate\frontend\node_modules\@babel\parser\lib\index.js:13316:36)
    at FlowParserMixin.parseBlockBody (D:\ridemate\frontend\node_modules\@babel\parser\lib\index.js:13309:10)
    at FlowParserMixin.parseProgram (D:\ridemate\frontend\node_modules\@babel\parser\lib\index.js:12622:10)
    at FlowParserMixin.parseTopLevel (D:\ridemate\frontend\node_modules\@babel\parser\lib\index.js:12612:25)
    at FlowParserMixin.parseTopLevel (D:\ridemate\frontend\node_modules\@babel\parser\lib\index.js:3685:28)
    at FlowParserMixin.parse (D:\ridemate\frontend\node_modules\@babel\parser\lib\index.js:14488:25)
    at parse (D:\ridemate\frontend\node_modules\@babel\parser\lib\index.js:14522:38)
    at parser (D:\ridemate\frontend\node_modules\@babel\core\lib\parser\index.js:41:34)
    at parser.next (<anonymous>)
    at normalizeFile (D:\ridemate\frontend\node_modules\@babel\core\lib\transformation\normalize-file.js:64:37)
    at normalizeFile.next (<anonymous>)
    at run (D:\ridemate\frontend\node_modules\@babel\core\lib\transformation\index.js:22:50)
    at run.next (<anonymous>)
    at transform (D:\ridemate\frontend\node_modules\@babel\core\lib\transform.js:22:33)
    at transform.next (<anonymous>)
    at step (D:\ridemate\frontend\node_modules\gensync\index.js:261:32)
    at D:\ridemate\frontend\node_modules\gensync\index.js:273:13
    at async.call.result.err.err (D:\ridemate\frontend\node_modules\gensync\index.js:223:11)

[1m[31mERROR[39m[22m in [1m[eslint] 
src\components\Authentication.js
  Line 7:12:  Parsing [1m[31merror[39m[22m[1m: Missing semicolon. (7:12)

[39m[22m

webpack compiled with [1m[31m2 errors[39m[22m
Compiling...
Compiled successfully!
webpack compiled [1m[32msuccessfully[39m[22m
Compiling...
Compiled with warnings.

[eslint] 
src\components\pages\SearchPage.js
  Line 2:43:  'Popup' is defined but never used  no-unused-vars

Search for the keywords to learn more about each warning.
To ignore, add // eslint-disable-next-line to the line before.

[1m[33mWARNING[39m[22m in [1m[eslint] 
src\components\pages\SearchPage.js
  Line 2:43:  'Popup' is defined but never used  no-unused-vars

[39m[22m

webpack compiled with [1m[33m1 warning[39m[22m
Compiling...
Failed to compile.

[eslint] 
src\components\pages\MyRideDetailsPage.js
  Line 41:39:  React Hook "useState" is called conditionally. React Hooks must be called in the exact same order in every component render  react-hooks/rules-of-hooks

Search for the keywords to learn more about each error.
[1m[33mWARNING[39m[22m in [1m[eslint] 
src\components\pages\SearchPage.js
  Line 2:43:  'Popup' is defined but never used  no-unused-vars

[39m[22m

[1m[31mERROR[39m[22m in [1m[eslint] 
src\components\pages\MyRideDetailsPage.js
  Line 41:39:  React Hook "useState" is called conditionally. React Hooks [1m[33mmust[39m[22m[1m be called in the exact same order in every component render  react-hooks/rules-of-hooks

Search for the keywords to learn more about each [1m[31merror[39m[22m[1m.[39m[22m

webpack compiled with [1m[31m1 error[39m[22m and [1m[33m1 warning[39m[22m
Compiling...
Failed to compile.

[eslint] 
src\components\pages\MyRideDetailsPage.js
Syntax error: Identifier 'cancelling' has already been declared. (42:9) (42:9)
[1m[33mWARNING[39m[22m in [1m[eslint] 
src\components\pages\SearchPage.js
  Line 2:43:  'Popup' is defined but never used  no-unused-vars

[39m[22m

[1m[31mERROR[39m[22m in [1m./src/components/pages/MyRideDetailsPage.js[39m[22m
Module build failed (from ./node_modules/babel-loader/lib/index.js):
SyntaxError: D:\ridemate\frontend\src\components\pages\MyRideDetailsPage.js: Identifier 'cancelling' has already been declared. (42:9)

[0m [90m 40 |[39m   }
 [90m 41 |[39m
[31m[1m>[22m[39m[90m 42 |[39m   [36mconst[39m [cancelling[33m,[39m setCancelling] [33m=[39m useState([36mfalse[39m)[33m;[39m
 [90m    |[39m          [31m[1m^[22m[39m
 [90m 43 |[39m
 [90m 44 |[39m   [36mconst[39m handleCancelRide [33m=[39m [36masync[39m () [33m=>[39m {
 [90m 45 |[39m     [36mif[39m ([33m![39mwindow[33m.[39mconfirm([32m"Are you sure you want to cancel this ride?"[39m)) [36mreturn[39m[33m;[39m[0m
    at constructor (D:\ridemate\frontend\node_modules\@babel\parser\lib\index.js:365:19)
    at FlowParserMixin.raise (D:\ridemate\frontend\node_modules\@babel\parser\lib\index.js:6599:19)
    at FlowScopeHandler.checkRedeclarationInScope (D:\ridemate\frontend\node_modules\@babel\parser\lib\index.js:1619:19)
    at FlowScopeHandler.declareName (D:\ridemate\frontend\node_modules\@babel\parser\lib\index.js:1585:12)
    at FlowScopeHandler.declareName (D:\ridemate\frontend\node_modules\@babel\parser\lib\index.js:1686:11)
    at FlowParserMixin.declareNameFromIdentifier (D:\ridemate\frontend\node_modules\@babel\parser\lib\index.js:7567:16)
    at FlowParserMixin.checkIdentifier (D:\ridemate\frontend\node_modules\@babel\parser\lib\index.js:7563:12)
    at FlowParserMixin.checkLVal (D:\ridemate\frontend\node_modules\@babel\parser\lib\index.js:7500:12)
    at FlowParserMixin.checkLVal (D:\ridemate\frontend\node_modules\@babel\parser\lib\index.js:7540:16)
    at FlowParserMixin.parseVarId (D:\ridemate\frontend\node_modules\@babel\parser\lib\index.js:13412:10)
    at FlowParserMixin.parseVarId (D:\ridemate\frontend\node_modules\@babel\parser\lib\index.js:3474:11)
    at FlowParserMixin.parseVar (D:\ridemate\frontend\node_modules\@babel\parser\lib\index.js:13383:12)
    at FlowParserMixin.parseVarStatement (D:\ridemate\frontend\node_modules\@babel\parser\lib\index.js:13230:10)
    at FlowParserMixin.parseStatementContent (D:\ridemate\frontend\node_modules\@babel\parser\lib\index.js:12851:23)
    at FlowParserMixin.parseStatementLike (D:\ridemate\frontend\node_modules\@babel\parser\lib\index.js:12767:17)
    at FlowParserMixin.parseStatementLike (D:\ridemate\frontend\node_modules\@babel\parser\lib\index.js:2918:24)
    at FlowParserMixin.parseStatementListItem (D:\ridemate\frontend\node_modules\@babel\parser\lib\index.js:12747:17)
    at FlowParserMixin.parseBlockOrModuleBlockBody (D:\ridemate\frontend\node_modules\@babel\parser\lib\index.js:13316:61)
    at FlowParserMixin.parseBlockBody (D:\ridemate\frontend\node_modules\@babel\parser\lib\index.js:13309:10)
    at FlowParserMixin.parseBlock (D:\ridemate\frontend\node_modules\@babel\parser\lib\index.js:13297:10)
    at FlowParserMixin.parseFunctionBody (D:\ridemate\frontend\node_modules\@babel\parser\lib\index.js:12100:24)
    at FlowParserMixin.parseFunctionBody (D:\ridemate\frontend\node_modules\@babel\parser\lib\index.js:2895:11)
    at FlowParserMixin.parseFunctionBodyAndFinish (D:\ridemate\frontend\node_modules\@babel\parser\lib\index.js:12086:10)
    at FlowParserMixin.parseFunctionBodyAndFinish (D:\ridemate\frontend\node_modules\@babel\parser\lib\index.js:2903:18)
    at D:\ridemate\frontend\node_modules\@babel\parser\lib\index.js:13445:12
    at FlowParserMixin.withSmartMixTopicForbiddingContext (D:\ridemate\frontend\node_modules\@babel\parser\lib\index.js:12403:14)
    at FlowParserMixin.parseFunction (D:\ridemate\frontend\node_modules\@babel\parser\lib\index.js:13444:10)
    at FlowParserMixin.parseFunctionStatement (D:\ridemate\frontend\node_modules\@babel\parser\lib\index.js:13125:17)
    at FlowParserMixin.parseStatementContent (D:\ridemate\frontend\node_modules\@babel\parser\lib\index.js:12791:21)
    at FlowParserMixin.parseStatementLike (D:\ridemate\frontend\node_modules\@babel\parser\lib\index.js:12767:17)
    at FlowParserMixin.parseStatementLike (D:\ridemate\frontend\node_modules\@babel\parser\lib\index.js:2918:24)
    at FlowParserMixin.parseModuleItem (D:\ridemate\frontend\node_modules\@babel\parser\lib\index.js:12744:17)
    at FlowParserMixin.parseBlockOrModuleBlockBody (D:\ridemate\frontend\node_modules\@babel\parser\lib\index.js:13316:36)
    at FlowParserMixin.parseBlockBody (D:\ridemate\frontend\node_modules\@babel\parser\lib\index.js:13309:10)
    at FlowParserMixin.parseProgram (D:\ridemate\frontend\node_modules\@babel\parser\lib\index.js:12622:10)
    at FlowParserMixin.parseTopLevel (D:\ridemate\frontend\node_modules\@babel\parser\lib\index.js:12612:25)
    at FlowParserMixin.parseTopLevel (D:\ridemate\frontend\node_modules\@babel\parser\lib\index.js:3685:28)
    at FlowParserMixin.parse (D:\ridemate\frontend\node_modules\@babel\parser\lib\index.js:14488:25)
    at parse (D:\ridemate\frontend\node_modules\@babel\parser\lib\index.js:14522:38)
    at parser (D:\ridemate\frontend\node_modules\@babel\core\lib\parser\index.js:41:34)
    at parser.next (<anonymous>)
    at normalizeFile (D:\ridemate\frontend\node_modules\@babel\core\lib\transformation\normalize-file.js:64:37)
    at normalizeFile.next (<anonymous>)
    at run (D:\ridemate\frontend\node_modules\@babel\core\lib\transformation\index.js:22:50)
    at run.next (<anonymous>)
    at transform (D:\ridemate\frontend\node_modules\@babel\core\lib\transform.js:22:33)
    at transform.next (<anonymous>)
    at step (D:\ridemate\frontend\node_modules\gensync\index.js:261:32)
    at D:\ridemate\frontend\node_modules\gensync\index.js:273:13
    at async.call.result.err.err (D:\ridemate\frontend\node_modules\gensync\index.js:223:11)

[1m[31mERROR[39m[22m in [1m[eslint] 
src\components\pages\MyRideDetailsPage.js
  Line 42:9:  Parsing [1m[31merror[39m[22m[1m: Identifier 'cancelling' has already been declared. (42:9)

[39m[22m

webpack compiled with [1m[31m2 errors[39m[22m and [1m[33m1 warning[39m[22m
Compiling...
Compiled with warnings.

[eslint] 
src\components\pages\SearchPage.js
  Line 2:43:  'Popup' is defined but never used  no-unused-vars

Search for the keywords to learn more about each warning.
To ignore, add // eslint-disable-next-line to the line before.

[1m[33mWARNING[39m[22m in [1m[eslint] 
src\components\pages\SearchPage.js
  Line 2:43:  'Popup' is defined but never used  no-unused-vars

[39m[22m

webpack compiled with [1m[33m1 warning[39m[22m
Compiling...
Compiled with warnings.

[eslint] 
src\components\pages\ReportsPage.js
  Line 7:24:  'setReportsGiven' is assigned a value but never used     no-unused-vars
  Line 8:27:  'setReportsReceived' is assigned a value but never used  no-unused-vars
  Line 9:19:  'setLoading' is assigned a value but never used          no-unused-vars

src\components\pages\SearchPage.js
  Line 2:43:  'Popup' is defined but never used  no-unused-vars

Search for the keywords to learn more about each warning.
To ignore, add // eslint-disable-next-line to the line before.

[1m[33mWARNING[39m[22m in [1m[eslint] 
src\components\pages\ReportsPage.js
  Line 7:24:  'setReportsGiven' is assigned a value but never used     no-unused-vars
  Line 8:27:  'setReportsReceived' is assigned a value but never used  no-unused-vars
  Line 9:19:  'setLoading' is assigned a value but never used          no-unused-vars

src\components\pages\SearchPage.js
  Line 2:43:  'Popup' is defined but never used  no-unused-vars

[39m[22m

webpack compiled with [1m[33m1 warning[39m[22m
Compiling...
Compiled with warnings.

[eslint] 
src\components\pages\ReportsPage.js
  Line 7:24:  'setReportsGiven' is assigned a value but never used     no-unused-vars
  Line 8:27:  'setReportsReceived' is assigned a value but never used  no-unused-vars
  Line 9:19:  'setLoading' is assigned a value but never used          no-unused-vars

src\components\pages\SearchPage.js
  Line 2:43:  'Popup' is defined but never used  no-unused-vars

Search for the keywords to learn more about each warning.
To ignore, add // eslint-disable-next-line to the line before.

[1m[33mWARNING[39m[22m in [1m[eslint] 
src\components\pages\ReportsPage.js
  Line 7:24:  'setReportsGiven' is assigned a value but never used     no-unused-vars
  Line 8:27:  'setReportsReceived' is assigned a value but never used  no-unused-vars
  Line 9:19:  'setLoading' is assigned a value but never used          no-unused-vars

src\components\pages\SearchPage.js
  Line 2:43:  'Popup' is defined but never used  no-unused-vars

[39m[22m

webpack compiled with [1m[33m1 warning[39m[22m
Compiling...
Compiled with warnings.

[eslint] 
src\components\pages\ReportsPage.js
  Line 7:24:  'setReportsGiven' is assigned a value but never used     no-unused-vars
  Line 8:27:  'setReportsReceived' is assigned a value but never used  no-unused-vars
  Line 9:19:  'setLoading' is assigned a value but never used          no-unused-vars

src\components\pages\SearchPage.js
  Line 2:43:  'Popup' is defined but never used  no-unused-vars

Search for the keywords to learn more about each warning.
To ignore, add // eslint-disable-next-line to the line before.

[1m[33mWARNING[39m[22m in [1m[eslint] 
src\components\pages\ReportsPage.js
  Line 7:24:  'setReportsGiven' is assigned a value but never used     no-unused-vars
  Line 8:27:  'setReportsReceived' is assigned a value but never used  no-unused-vars
  Line 9:19:  'setLoading' is assigned a value but never used          no-unused-vars

src\components\pages\SearchPage.js
  Line 2:43:  'Popup' is defined but never used  no-unused-vars

[39m[22m

webpack compiled with [1m[33m1 warning[39m[22m
Compiling...
Compiled with warnings.

[eslint] 
src\components\pages\ReportsPage.js
  Line 7:24:  'setReportsGiven' is assigned a value but never used     no-unused-vars
  Line 8:27:  'setReportsReceived' is assigned a value but never used  no-unused-vars
  Line 9:19:  'setLoading' is assigned a value but never used          no-unused-vars

src\components\pages\SearchPage.js
  Line 2:43:  'Popup' is defined but never used  no-unused-vars

Search for the keywords to learn more about each warning.
To ignore, add // eslint-disable-next-line to the line before.

[1m[33mWARNING[39m[22m in [1m[eslint] 
src\components\pages\ReportsPage.js
  Line 7:24:  'setReportsGiven' is assigned a value but never used     no-unused-vars
  Line 8:27:  'setReportsReceived' is assigned a value but never used  no-unused-vars
  Line 9:19:  'setLoading' is assigned a value but never used          no-unused-vars

src\components\pages\SearchPage.js
  Line 2:43:  'Popup' is defined but never used  no-unused-vars

[39m[22m

webpack compiled with [1m[33m1 warning[39m[22m
Compiling...
Compiled with warnings.

[eslint] 
src\components\pages\ReportsPage.js
  Line 7:24:  'setReportsGiven' is assigned a value but never used     no-unused-vars
  Line 8:27:  'setReportsReceived' is assigned a value but never used  no-unused-vars
  Line 9:19:  'setLoading' is assigned a value but never used          no-unused-vars

src\components\pages\SearchPage.js
  Line 2:43:  'Popup' is defined but never used  no-unused-vars

Search for the keywords to learn more about each warning.
To ignore, add // eslint-disable-next-line to the line before.

[1m[33mWARNING[39m[22m in [1m[eslint] 
src\components\pages\ReportsPage.js
  Line 7:24:  'setReportsGiven' is assigned a value but never used     no-unused-vars
  Line 8:27:  'setReportsReceived' is assigned a value but never used  no-unused-vars
  Line 9:19:  'setLoading' is assigned a value but never used          no-unused-vars

src\components\pages\SearchPage.js
  Line 2:43:  'Popup' is defined but never used  no-unused-vars

[39m[22m

webpack compiled with [1m[33m1 warning[39m[22m
Compiling...
Compiled with warnings.

[eslint] 
src\components\pages\ReportsPage.js
  Line 7:24:  'setReportsGiven' is assigned a value but never used     no-unused-vars
  Line 8:27:  'setReportsReceived' is assigned a value but never used  no-unused-vars
  Line 9:19:  'setLoading' is assigned a value but never used          no-unused-vars

src\components\pages\SearchPage.js
  Line 2:43:  'Popup' is defined but never used  no-unused-vars

Search for the keywords to learn more about each warning.
To ignore, add // eslint-disable-next-line to the line before.

[1m[33mWARNING[39m[22m in [1m[eslint] 
src\components\pages\ReportsPage.js
  Line 7:24:  'setReportsGiven' is assigned a value but never used     no-unused-vars
  Line 8:27:  'setReportsReceived' is assigned a value but never used  no-unused-vars
  Line 9:19:  'setLoading' is assigned a value but never used          no-unused-vars

src\components\pages\SearchPage.js
  Line 2:43:  'Popup' is defined but never used  no-unused-vars

[39m[22m

webpack compiled with [1m[33m1 warning[39m[22m
Compiling...
Compiled with warnings.

[eslint] 
src\components\pages\ReportsPage.js
  Line 7:24:  'setReportsGiven' is assigned a value but never used     no-unused-vars
  Line 8:27:  'setReportsReceived' is assigned a value but never used  no-unused-vars
  Line 9:19:  'setLoading' is assigned a value but never used          no-unused-vars

src\components\pages\SearchPage.js
  Line 2:43:  'Popup' is defined but never used  no-unused-vars

Search for the keywords to learn more about each warning.
To ignore, add // eslint-disable-next-line to the line before.

[1m[33mWARNING[39m[22m in [1m[eslint] 
src\components\pages\ReportsPage.js
  Line 7:24:  'setReportsGiven' is assigned a value but never used     no-unused-vars
  Line 8:27:  'setReportsReceived' is assigned a value but never used  no-unused-vars
  Line 9:19:  'setLoading' is assigned a value but never used          no-unused-vars

src\components\pages\SearchPage.js
  Line 2:43:  'Popup' is defined but never used  no-unused-vars

[39m[22m

webpack compiled with [1m[33m1 warning[39m[22m
Compiling...
Compiled with warnings.

[eslint] 
src\components\pages\ReportsPage.js
  Line 7:24:  'setReportsGiven' is assigned a value but never used     no-unused-vars
  Line 8:27:  'setReportsReceived' is assigned a value but never used  no-unused-vars
  Line 9:19:  'setLoading' is assigned a value but never used          no-unused-vars

src\components\pages\SearchPage.js
  Line 2:43:  'Popup' is defined but never used  no-unused-vars

Search for the keywords to learn more about each warning.
To ignore, add // eslint-disable-next-line to the line before.

[1m[33mWARNING[39m[22m in [1m[eslint] 
src\components\pages\ReportsPage.js
  Line 7:24:  'setReportsGiven' is assigned a value but never used     no-unused-vars
  Line 8:27:  'setReportsReceived' is assigned a value but never used  no-unused-vars
  Line 9:19:  'setLoading' is assigned a value but never used          no-unused-vars

src\components\pages\SearchPage.js
  Line 2:43:  'Popup' is defined but never used  no-unused-vars

[39m[22m

webpack compiled with [1m[33m1 warning[39m[22m
